#-----------------------------------------------------------
# Vivado v2019.1.3 (64-bit)
# SW Build 2644227 on Wed Sep  4 09:45:24 MDT 2019
# IP Build 2633630 on Wed Sep  4 12:30:14 MDT 2019
# Start of session at: Thu Jan  9 16:25:46 2020
# Process ID: 15436
# Current directory: C:/Users/Adelina/Desktop/MicroSD_Card
# Command line: vivado.exe -gui_launcher_event rodinguilauncherevent692 C:\Users\Adelina\Desktop\MicroSD_Card\MicroSD_Card.xpr
# Log file: C:/Users/Adelina/Desktop/MicroSD_Card/vivado.log
# Journal file: C:/Users/Adelina/Desktop/MicroSD_Card\vivado.jou
#-----------------------------------------------------------
start_gui
open_project C:/Users/Adelina/Desktop/MicroSD_Card/MicroSD_Card.xpr
Scanning sources...
Finished scanning sources
INFO: [IP_Flow 19-234] Refreshing IP repositories
INFO: [IP_Flow 19-1704] No user IP repositories specified
INFO: [IP_Flow 19-2313] Loaded Vivado IP repository 'C:/Xilinx/Vivado/2019.1/data/ip'.
open_project: Time (s): cpu = 00:00:20 ; elapsed = 00:00:09 . Memory (MB): peak = 846.637 ; gain = 168.969
update_compile_order -fileset sources_1
exit
INFO: [Common 17-206] Exiting Vivado at Thu Jan  9 16:28:10 2020...
