#-----------------------------------------------------------
# Vivado v2019.1.3 (64-bit)
# SW Build 2644227 on Wed Sep  4 09:45:24 MDT 2019
# IP Build 2633630 on Wed Sep  4 12:30:14 MDT 2019
# Start of session at: Thu Dec 19 11:24:45 2019
# Process ID: 5664
# Current directory: C:/Users/Adelina/Desktop/MicroSD_Card
# Command line: vivado.exe -gui_launcher_event rodinguilauncherevent11172 C:\Users\Adelina\Desktop\MicroSD_Card\MicroSD_Card.xpr
# Log file: C:/Users/Adelina/Desktop/MicroSD_Card/vivado.log
# Journal file: C:/Users/Adelina/Desktop/MicroSD_Card\vivado.jou
#-----------------------------------------------------------
start_gui
open_project C:/Users/Adelina/Desktop/MicroSD_Card/MicroSD_Card.xpr
Scanning sources...
Finished scanning sources
INFO: [IP_Flow 19-234] Refreshing IP repositories
INFO: [IP_Flow 19-1704] No user IP repositories specified
INFO: [IP_Flow 19-2313] Loaded Vivado IP repository 'C:/Xilinx/Vivado/2019.1/data/ip'.
open_project: Time (s): cpu = 00:00:20 ; elapsed = 00:00:13 . Memory (MB): peak = 823.672 ; gain = 202.617
update_compile_order -fileset sources_1
update_compile_order -fileset sources_1
reset_run synth_1
launch_runs impl_1 -to_step write_bitstream -jobs 6
[Thu Dec 19 11:50:06 2019] Launched synth_1...
Run output will be captured here: C:/Users/Adelina/Desktop/MicroSD_Card/MicroSD_Card.runs/synth_1/runme.log
[Thu Dec 19 11:50:06 2019] Launched impl_1...
Run output will be captured here: C:/Users/Adelina/Desktop/MicroSD_Card/MicroSD_Card.runs/impl_1/runme.log
reset_run synth_1
launch_runs impl_1 -to_step write_bitstream -jobs 6
[Thu Dec 19 11:53:03 2019] Launched synth_1...
Run output will be captured here: C:/Users/Adelina/Desktop/MicroSD_Card/MicroSD_Card.runs/synth_1/runme.log
[Thu Dec 19 11:53:03 2019] Launched impl_1...
Run output will be captured here: C:/Users/Adelina/Desktop/MicroSD_Card/MicroSD_Card.runs/impl_1/runme.log
open_hw
connect_hw_server
INFO: [Labtools 27-2285] Connecting to hw_server url TCP:localhost:3121
INFO: [Labtools 27-2222] Launching hw_server...
INFO: [Labtools 27-2221] Launch Output:

****** Xilinx hw_server v2019.1.3
  **** Build date : Sep  4 2019 at 10:11:09
    ** Copyright 1986-2019 Xilinx, Inc. All Rights Reserved.


open_hw_target
INFO: [Labtoolstcl 44-466] Opening hw_target localhost:3121/xilinx_tcf/Digilent/210292AA76B9A
open_hw_target: Time (s): cpu = 00:00:07 ; elapsed = 00:00:07 . Memory (MB): peak = 2051.594 ; gain = 1134.207
set_property PROGRAM.FILE {C:/Users/Adelina/Desktop/MicroSD_Card/MicroSD_Card.runs/impl_1/Main.bit} [get_hw_devices xc7a100t_0]
current_hw_device [get_hw_devices xc7a100t_0]
refresh_hw_device -update_hw_probes false [lindex [get_hw_devices xc7a100t_0] 0]
INFO: [Labtools 27-1435] Device xc7a100t (JTAG device index = 0) is not programmed (DONE status = 0).
set_property PROBES.FILE {} [get_hw_devices xc7a100t_0]
set_property FULL_PROBES.FILE {} [get_hw_devices xc7a100t_0]
set_property PROGRAM.FILE {C:/Users/Adelina/Desktop/MicroSD_Card/MicroSD_Card.runs/impl_1/Main.bit} [get_hw_devices xc7a100t_0]
program_hw_devices [get_hw_devices xc7a100t_0]
INFO: [Labtools 27-3164] End of startup status: HIGH
refresh_hw_device [lindex [get_hw_devices xc7a100t_0] 0]
INFO: [Labtools 27-1434] Device xc7a100t (JTAG device index = 0) is programmed with a design that has no supported debug core(s) in it.
close_hw
reset_run synth_1
launch_runs impl_1 -to_step write_bitstream -jobs 6
[Thu Dec 19 11:59:54 2019] Launched synth_1...
Run output will be captured here: C:/Users/Adelina/Desktop/MicroSD_Card/MicroSD_Card.runs/synth_1/runme.log
[Thu Dec 19 11:59:55 2019] Launched impl_1...
Run output will be captured here: C:/Users/Adelina/Desktop/MicroSD_Card/MicroSD_Card.runs/impl_1/runme.log
open_hw
connect_hw_server
INFO: [Labtools 27-2285] Connecting to hw_server url TCP:localhost:3121
INFO: [Labtools 27-2222] Launching hw_server...
INFO: [Labtools 27-2221] Launch Output:

****** Xilinx hw_server v2019.1.3
  **** Build date : Sep  4 2019 at 10:11:09
    ** Copyright 1986-2019 Xilinx, Inc. All Rights Reserved.


open_hw_target
INFO: [Labtoolstcl 44-466] Opening hw_target localhost:3121/xilinx_tcf/Digilent/210292AA76B9A
set_property PROGRAM.FILE {C:/Users/Adelina/Desktop/MicroSD_Card/MicroSD_Card.runs/impl_1/Main.bit} [get_hw_devices xc7a100t_0]
current_hw_device [get_hw_devices xc7a100t_0]
refresh_hw_device -update_hw_probes false [lindex [get_hw_devices xc7a100t_0] 0]
INFO: [Labtools 27-1435] Device xc7a100t (JTAG device index = 0) is not programmed (DONE status = 0).
set_property PROBES.FILE {} [get_hw_devices xc7a100t_0]
set_property FULL_PROBES.FILE {} [get_hw_devices xc7a100t_0]
set_property PROGRAM.FILE {C:/Users/Adelina/Desktop/MicroSD_Card/MicroSD_Card.runs/impl_1/Main.bit} [get_hw_devices xc7a100t_0]
program_hw_devices [get_hw_devices xc7a100t_0]
INFO: [Labtools 27-3164] End of startup status: HIGH
refresh_hw_device [lindex [get_hw_devices xc7a100t_0] 0]
INFO: [Labtools 27-1434] Device xc7a100t (JTAG device index = 0) is programmed with a design that has no supported debug core(s) in it.
ERROR: [Labtoolstcl 44-513] HW Target shutdown. Closing target: localhost:3121/xilinx_tcf/Digilent/210292AA76B9A
close_hw
reset_run synth_1
launch_runs impl_1 -to_step write_bitstream -jobs 6
[Thu Dec 19 12:06:49 2019] Launched synth_1...
Run output will be captured here: C:/Users/Adelina/Desktop/MicroSD_Card/MicroSD_Card.runs/synth_1/runme.log
[Thu Dec 19 12:06:49 2019] Launched impl_1...
Run output will be captured here: C:/Users/Adelina/Desktop/MicroSD_Card/MicroSD_Card.runs/impl_1/runme.log
open_hw
connect_hw_server
INFO: [Labtools 27-2285] Connecting to hw_server url TCP:localhost:3121
INFO: [Labtools 27-2222] Launching hw_server...
INFO: [Labtools 27-2221] Launch Output:

****** Xilinx hw_server v2019.1.3
  **** Build date : Sep  4 2019 at 10:11:09
    ** Copyright 1986-2019 Xilinx, Inc. All Rights Reserved.


open_hw_target
INFO: [Labtoolstcl 44-466] Opening hw_target localhost:3121/xilinx_tcf/Digilent/210292AA76B9A
set_property PROGRAM.FILE {C:/Users/Adelina/Desktop/MicroSD_Card/MicroSD_Card.runs/impl_1/Main.bit} [get_hw_devices xc7a100t_0]
current_hw_device [get_hw_devices xc7a100t_0]
refresh_hw_device -update_hw_probes false [lindex [get_hw_devices xc7a100t_0] 0]
INFO: [Labtools 27-1435] Device xc7a100t (JTAG device index = 0) is not programmed (DONE status = 0).
set_property PROBES.FILE {} [get_hw_devices xc7a100t_0]
set_property FULL_PROBES.FILE {} [get_hw_devices xc7a100t_0]
set_property PROGRAM.FILE {C:/Users/Adelina/Desktop/MicroSD_Card/MicroSD_Card.runs/impl_1/Main.bit} [get_hw_devices xc7a100t_0]
program_hw_devices [get_hw_devices xc7a100t_0]
INFO: [Labtools 27-3164] End of startup status: HIGH
refresh_hw_device [lindex [get_hw_devices xc7a100t_0] 0]
INFO: [Labtools 27-1434] Device xc7a100t (JTAG device index = 0) is programmed with a design that has no supported debug core(s) in it.
close_hw
reset_run synth_1
launch_runs impl_1 -to_step write_bitstream -jobs 6
[Thu Dec 19 12:11:31 2019] Launched synth_1...
Run output will be captured here: C:/Users/Adelina/Desktop/MicroSD_Card/MicroSD_Card.runs/synth_1/runme.log
[Thu Dec 19 12:11:32 2019] Launched impl_1...
Run output will be captured here: C:/Users/Adelina/Desktop/MicroSD_Card/MicroSD_Card.runs/impl_1/runme.log
open_hw
connect_hw_server
INFO: [Labtools 27-2285] Connecting to hw_server url TCP:localhost:3121
INFO: [Labtools 27-2222] Launching hw_server...
INFO: [Labtools 27-2221] Launch Output:

****** Xilinx hw_server v2019.1.3
  **** Build date : Sep  4 2019 at 10:11:09
    ** Copyright 1986-2019 Xilinx, Inc. All Rights Reserved.


open_hw_target
INFO: [Labtoolstcl 44-466] Opening hw_target localhost:3121/xilinx_tcf/Digilent/210292AA76B9A
set_property PROGRAM.FILE {C:/Users/Adelina/Desktop/MicroSD_Card/MicroSD_Card.runs/impl_1/Main.bit} [get_hw_devices xc7a100t_0]
current_hw_device [get_hw_devices xc7a100t_0]
refresh_hw_device -update_hw_probes false [lindex [get_hw_devices xc7a100t_0] 0]
INFO: [Labtools 27-1435] Device xc7a100t (JTAG device index = 0) is not programmed (DONE status = 0).
set_property PROBES.FILE {} [get_hw_devices xc7a100t_0]
set_property FULL_PROBES.FILE {} [get_hw_devices xc7a100t_0]
set_property PROGRAM.FILE {C:/Users/Adelina/Desktop/MicroSD_Card/MicroSD_Card.runs/impl_1/Main.bit} [get_hw_devices xc7a100t_0]
program_hw_devices [get_hw_devices xc7a100t_0]
INFO: [Labtools 27-3164] End of startup status: HIGH
refresh_hw_device [lindex [get_hw_devices xc7a100t_0] 0]
INFO: [Labtools 27-1434] Device xc7a100t (JTAG device index = 0) is programmed with a design that has no supported debug core(s) in it.
ERROR: [Labtoolstcl 44-513] HW Target shutdown. Closing target: localhost:3121/xilinx_tcf/Digilent/210292AA76B9A
close_hw
exit
INFO: [Common 17-206] Exiting Vivado at Thu Dec 19 12:16:48 2019...
