#-----------------------------------------------------------
# Vivado v2019.1.3 (64-bit)
# SW Build 2644227 on Wed Sep  4 09:45:24 MDT 2019
# IP Build 2633630 on Wed Sep  4 12:30:14 MDT 2019
# Start of session at: Thu Jan  9 16:07:10 2020
# Process ID: 15764
# Current directory: C:/Users/Adelina/Desktop/MicroSD_Card
# Command line: vivado.exe -gui_launcher_event rodinguilauncherevent16020 C:\Users\Adelina\Desktop\MicroSD_Card\MicroSD_Card.xpr
# Log file: C:/Users/Adelina/Desktop/MicroSD_Card/vivado.log
# Journal file: C:/Users/Adelina/Desktop/MicroSD_Card\vivado.jou
#-----------------------------------------------------------
start_gui
open_project C:/Users/Adelina/Desktop/MicroSD_Card/MicroSD_Card.xpr
Scanning sources...
Finished scanning sources
INFO: [IP_Flow 19-234] Refreshing IP repositories
INFO: [IP_Flow 19-1704] No user IP repositories specified
INFO: [IP_Flow 19-2313] Loaded Vivado IP repository 'C:/Xilinx/Vivado/2019.1/data/ip'.
open_project: Time (s): cpu = 00:00:20 ; elapsed = 00:00:10 . Memory (MB): peak = 825.297 ; gain = 191.234
update_compile_order -fileset sources_1
export_ip_user_files -of_objects  [get_files C:/Users/Adelina/Desktop/MicroSD_Card/MicroSD_Card.srcs/sources_1/new/TB.vhd] -no_script -reset -force -quiet
remove_files  C:/Users/Adelina/Desktop/MicroSD_Card/MicroSD_Card.srcs/sources_1/new/TB.vhd
reset_run synth_1
launch_runs impl_1 -to_step write_bitstream -jobs 6
[Thu Jan  9 16:12:25 2020] Launched synth_1...
Run output will be captured here: C:/Users/Adelina/Desktop/MicroSD_Card/MicroSD_Card.runs/synth_1/runme.log
[Thu Jan  9 16:12:26 2020] Launched impl_1...
Run output will be captured here: C:/Users/Adelina/Desktop/MicroSD_Card/MicroSD_Card.runs/impl_1/runme.log
reorder_files -fileset constrs_1 -after C:/Users/Adelina/Desktop/MicroSD_Card/MicroSD_Card.srcs/constrs_1/new/Cons.xdc C:/Users/Adelina/Desktop/MicroSD_Card/MicroSD_Card.srcs/constrs_1/new/Cons.xdc
open_hw
connect_hw_server
INFO: [Labtools 27-2285] Connecting to hw_server url TCP:localhost:3121
INFO: [Labtools 27-2222] Launching hw_server...
INFO: [Labtools 27-2221] Launch Output:

****** Xilinx hw_server v2019.1.3
  **** Build date : Sep  4 2019 at 10:11:09
    ** Copyright 1986-2019 Xilinx, Inc. All Rights Reserved.


open_hw_target
INFO: [Labtoolstcl 44-466] Opening hw_target localhost:3121/xilinx_tcf/Digilent/210292AA76B9A
open_hw_target: Time (s): cpu = 00:00:07 ; elapsed = 00:00:07 . Memory (MB): peak = 2052.469 ; gain = 1124.102
set_property PROGRAM.FILE {C:/Users/Adelina/Desktop/MicroSD_Card/MicroSD_Card.runs/impl_1/Main.bit} [get_hw_devices xc7a100t_0]
current_hw_device [get_hw_devices xc7a100t_0]
refresh_hw_device -update_hw_probes false [lindex [get_hw_devices xc7a100t_0] 0]
