#-----------------------------------------------------------
# Vivado v2019.1.3 (64-bit)
# SW Build 2644227 on Wed Sep  4 09:45:24 MDT 2019
# IP Build 2633630 on Wed Sep  4 12:30:14 MDT 2019
# Start of session at: Tue Jan  7 16:05:21 2020
# Process ID: 8096
# Current directory: C:/Users/Adelina/Desktop/MicroSD_Card
# Command line: vivado.exe -gui_launcher_event rodinguilauncherevent10400 C:\Users\Adelina\Desktop\MicroSD_Card\MicroSD_Card.xpr
# Log file: C:/Users/Adelina/Desktop/MicroSD_Card/vivado.log
# Journal file: C:/Users/Adelina/Desktop/MicroSD_Card\vivado.jou
#-----------------------------------------------------------
start_gui
open_project C:/Users/Adelina/Desktop/MicroSD_Card/MicroSD_Card.xpr
Scanning sources...
Finished scanning sources
INFO: [IP_Flow 19-234] Refreshing IP repositories
INFO: [IP_Flow 19-1704] No user IP repositories specified
INFO: [IP_Flow 19-2313] Loaded Vivado IP repository 'C:/Xilinx/Vivado/2019.1/data/ip'.
open_project: Time (s): cpu = 00:00:12 ; elapsed = 00:00:07 . Memory (MB): peak = 792.168 ; gain = 187.762
update_compile_order -fileset sources_1
update_compile_order -fileset sources_1
exit
INFO: [Common 17-206] Exiting Vivado at Tue Jan  7 20:06:41 2020...
