Vivado Simulator 2019.1
Copyright 1986-1999, 2001-2019 Xilinx, Inc. All Rights Reserved.
Running: C:/Xilinx/Vivado/2019.1/bin/unwrapped/win64.o/xelab.exe -wto b32f979575ee45f59565dde77ab92f07 --incr --debug typical --relax --mt 2 -L xil_defaultlib -L secureip --snapshot TB_behav xil_defaultlib.TB -log elaborate.log 
Using 2 slave threads.
Starting static elaboration
Completed static elaboration
Starting simulation data flow analysis
Completed simulation data flow analysis
Time Resolution for simulation is 1ps
Compiling package std.standard
Compiling package std.textio
Compiling package ieee.std_logic_1164
Compiling package ieee.numeric_std
Compiling package unisim.vcomponents
Compiling package ieee.math_real
Compiling package xil_defaultlib.command_package
Compiling package ieee.std_logic_arith
Compiling package ieee.std_logic_unsigned
Compiling architecture behavioral of entity xil_defaultlib.MPG [mpg_default]
Compiling architecture behavioral of entity xil_defaultlib.rational_divider [\rational_divider(g_output_clock...]
Compiling architecture behavioral of entity xil_defaultlib.rational_divider [\rational_divider(g_output_clock...]
Compiling architecture behavioral of entity xil_defaultlib.rational_divider [\rational_divider(g_output_clock...]
Compiling architecture behavioral of entity xil_defaultlib.SD_Controller [sd_controller_default]
Compiling architecture behavioral of entity xil_defaultlib.Memory [memory_default]
Compiling architecture behavioral of entity xil_defaultlib.VGA_Controller [vga_controller_default]
Compiling architecture behavioral of entity xil_defaultlib.Main [main_default]
Compiling architecture behavioral of entity xil_defaultlib.tb
Built simulation snapshot TB_behav
